<?xml version="1.0" encoding="UTF-8"?>
<testsuite name="AppTest" tests="1" skipped="0" failures="0" errors="0" timestamp="2019-07-02T07:40:34" hostname="DESKTOP-SFT9UG0" time="0.018">
  <properties/>
  <testcase name="should_use_50_percentage_sales_promotion" classname="AppTest" time="0.018"/>
  <system-out><![CDATA[============= 订餐明细 =============
黄焖鸡 x 1 = 18元
肉夹馍 x 2 = 12元
凉皮 x 1 = 8元
-----------------------------------
使用优惠:
指定菜品半价(黄焖鸡，凉皮)，省13元
-----------------------------------
总计：25元
===================================
]]></system-out>
  <system-err><![CDATA[]]></system-err>
</testsuite>
